-> Reading log config file C:\me7logger\logs\allroad-config.cfg .... done
-> Reading ecu characteristics file C:\ME7Logger\ecus\Audi A6 allroad 2.7T BEL 250HP 4Z7907551R.ori.ecu .... done
Used Ecu definition is:
[Communication]
Connect      = SLOW-0x11
Communicate  = HM0
LogSpeed     = 56000

[Identification]
HWNumber           = "0261207769"
SWNumber           = "1037366370"
PartNumber         = "4Z7907551R"
EngineId           = "2.7L V6/5VT"

Logged variables are:
#no.: name                , alias                           , addr  ,sz, bitm, S, I,  A         ,   B, unit
#------------------------------------------------------------------------------------------------------------
#001: gangi               , SelectedGear                    , 38061D, 1, 0000, 0, 0,           1,   0, 'gear'
#002: milsol_w            , Driver-req torque cyl. charge   , 38251A, 2, 0000, 0, 0,  0.00152588,   0, '%'
#003: misol_w             ,                                 , 00F9DC, 2, 0000, 0, 0,  0.00152588,   0, '%'
#004: misopl1_w           ,                                 , 381E36, 2, 0000, 0, 0,  0.00152588,   0, '%'
#005: mshfm_w             , MassAirFlow                     , 00F994, 2, 0000, 0, 0,   0.0277778,   0, 'g/s'
#006: nmot                , EngineSpeed                     , 00F888, 1, 0000, 0, 0,          40,   0, 'rpm'
#007: perffilt_w          , CPU-Load                        , 3826B8, 2, 0000, 0, 0,       0.025,   0, '%'
#008: perfmax_w           , MAX-Load                        , 383D6C, 2, 0000, 0, 0,       0.025,   0, '%'
#009: plsol               , BoostPressureDesired            , 38067D, 1, 0000, 0, 0,          10,   0, 'mbar'
#010: pvdkds_w            , BoostPressureActual             , 381D6E, 2, 0000, 0, 0,   0.0390625,   0, 'mbar'
#011: rl                  , EngineLoad                      , 00F9A3, 1, 0000, 0, 0,        0.75,   0, '%'
#012: rlmax_w             , EngineLoadCorrected             , 384B60, 2, 0000, 0, 0,   0.0234375,   0, '%'
#013: rlmx_w              , EngineLoadSpecified             , 384CD4, 2, 0000, 0, 0,   0.0234375,   0, '%'
#014: rlsol_w             , EngineLoadRequested             , 381E3C, 2, 0000, 0, 0,   0.0234375,   0, '%'
#015: tans                , IntakeAirTemperature            , 3806D9, 1, 0000, 0, 0,        0.75,  48, '°C'
#016: uhfm_w              , MAFSensorVoltage                , 380B18, 2, 0000, 0, 0,  0.00488281,   0, 'V'
#017: wdkba               , ThrottlePlateAngle              , 380632, 1, 0000, 0, 0,    0.392157,   0, '% DK'
#018: wkr_0               , IgnRetardKnockControlCyl1       , 00F9C4, 1, 0000, 0, 0,       -0.75,   0, '°KW'
#019: wkr_1               , IgnRetardKnockControlCyl5       , 00F9C5, 1, 0000, 0, 0,       -0.75,   0, '°KW'
#020: wkr_2               , IgnRetardKnockControlCyl3       , 00F9C6, 1, 0000, 0, 0,       -0.75,   0, '°KW'
#021: wkr_3               , IgnRetardKnockControlCyl2       , 00F9C7, 1, 0000, 0, 0,       -0.75,   0, '°KW'
#022: wkr_4               , IgnRetardKnockControlCyl6       , 00F9C8, 1, 0000, 0, 0,       -0.75,   0, '°KW'
#023: wkr_5               , IgnRetardKnockControlCyl4       , 00F9C9, 1, 0000, 0, 0,       -0.75,   0, '°KW'
Logged data size is 34 bytes.
Really logged are 20 entries with 34 bytes.
Start connecting to ECU at 16.10.2013 21:41:14.882
try connect slow(11)
=> FLASH (slowinit)
ecuid reports software version
Started session86, speed=56000
-> Read ECU ID's .... done
-> Checked ECU ID's
Found bootrom version 06.02/06.05 via readmem
Read pointer ... done
Store handler ... done
Verify handler ... done
Redirect pointer ... done
Test handler ... done
-> Start logging (logdata size=34, 10 samples/second, 56000 baud) at 16.10.2013 21:41:18.231
TimeStamp, gangi     , milsol_w  , misol_w   , misopl1_w , mshfm_w   , nmot      , perffilt_w, perfmax_w , plsol     , pvdkds_w  , rl        , rlmax_w   , rlmx_w    , rlsol_w   , tans      , uhfm_w    , wdkba     , wkr_0     , wkr_1     , wkr_2     , wkr_3     , wkr_4     , wkr_5     
  sec.ms , gear      , , , , g/s       , rpm       , , , mbar      , mbar      , , , , , °C        , V         , DK      , °KW       , °KW       , °KW       , °KW       , °KW       , °KW       
"TIME","SelectedGear","Driver-req torque cyl. charge","","","MassAirFlow","EngineSpeed","CPU-Load","MAX-Load","BoostPressureDesired","BoostPressureActual","EngineLoad","EngineLoadCorrected","EngineLoadSpecified","EngineLoadRequested","IntakeAirTemperature","MAFSensorVoltage","ThrottlePlateAngle","IgnRetardKnockControlCyl1","IgnRetardKnockControlCyl5","IgnRetardKnockControlCyl3","IgnRetardKnockControlCyl2","IgnRetardKnockControlCyl6","IgnRetardKnockControlCyl4"
Press ^C to stop logging
    0.000, 0         , 17.1875   , 17.1875   , 16.9327   , 0         , 0         , 58.8      , 79.975    , 970       , 952.148   , 99.75     , 109.523   , 109.547   , 39        , 54.75     , 0         , 5.09804   , -0        , -0        , -0        , -0        , -0        , -0        
    0.100, 0         , 17.1875   , 17.1875   , 16.9327   , 0         , 0         , 58.55     , 79.975    , 970       , 952.852   , 99.75     , 109.523   , 109.547   , 39        , 54.75     , 0         , 5.09804   , -0        , -0        , -0        , -0        , -0        , -0        
    0.200, 0         , 17.1875   , 17.1875   , 16.9327   , 0         , 0         , 58.1      , 79.975    , 970       , 953.047   , 99.75     , 109.523   , 109.547   , 39        , 54.75     , 0.00488281, 5.09804   , -0        , -0        , -0        , -0        , -0        , -0        
    0.300, 0         , 17.1875   , 17.1875   , 16.9327   , 0         , 0         , 57.95     , 79.975    , 970       , 952.773   , 99.75     , 109.523   , 109.547   , 39        , 54.75     , 0         , 5.09804   , -0        , -0        , -0        , -0        , -0        , -0        
    0.400, 0         , 17.1875   , 17.1875   , 16.9327   , 0         , 0         , 57.8      , 79.975    , 970       , 953.047   , 99.75     , 109.523   , 109.547   , 39        , 54.75     , 0         , 5.09804   , -0        , -0        , -0        , -0        , -0        , -0        
    0.500, 0         , 17.1875   , 17.1875   , 16.9327   , 0         , 0         , 57.7      , 79.975    , 970       , 951.523   , 99.75     , 109.523   , 109.547   , 39        , 54.75     , 0         , 5.09804   , -0        , -0        , -0        , -0        , -0        , -0        
    0.600, 0         , 17.1875   , 17.1875   , 16.9327   , 0         , 0         , 57.575    , 79.975    , 970       , 952.93    , 99.75     , 109.523   , 109.547   , 39        , 54.75     , 0.00488281, 5.09804   , -0        , -0        , -0        , -0        , -0        , -0        
    0.700, 0         , 17.1875   , 17.1875   , 16.9327   , 0         , 0         , 57.525    , 79.975    , 970       , 952.695   , 99.75     , 109.523   , 109.547   , 39        , 54.75     , 0.00488281, 5.09804   , -0        , -0        , -0        , -0        , -0        , -0        
    0.800, 0         , 17.1875   , 17.1875   , 16.9327   , 0         , 0         , 57.45     , 79.975    , 970       , 951.055   , 99.75     , 109.523   , 109.547   , 39        , 54.75     , 0.00488281, 5.09804   , -0        , -0        , -0        , -0        , -0        , -0        
    0.900, 0         , 17.1875   , 17.1875   , 16.9327   , 0         , 0         , 57.525    , 79.975    , 970       , 953.047   , 99.75     , 109.523   , 109.547   , 39        , 54.75     , 0         , 5.09804   , -0        , -0        , -0        , -0        , -0        , -0        
    1.000, 0         , 17.1875   , 17.1875   , 16.9327   , 0         , 0         , 57.45     , 79.975    , 970       , 952.031   , 99.75     , 109.523   , 109.547   , 39        , 54.75     , 0         , 5.09804   , -0        , -0        , -0        , -0        , -0        , -0        
    1.100, 0         , 17.1875   , 17.1875   , 16.9327   , 0         , 0         , 57.425    , 79.975    , 970       , 952.617   , 99.75     , 109.523   , 109.547   , 39        , 54.75     , 0         , 5.09804   , -0        , -0        , -0        , -0        , -0        , -0        
    1.200, 0         , 17.1875   , 17.1875   , 16.9327   , 0         , 0         , 57.375    , 79.975    , 970       , 953.047   , 99.75     , 109.523   , 109.547   , 39        , 54.75     , 0         , 5.09804   , -0        , -0        , -0        , -0        , -0        , -0        
    1.300, 0         , 17.1875   , 17.1875   , 16.9327   , 0         , 0         , 57.425    , 79.975    , 970       , 952.031   , 99.75     , 109.523   , 109.547   , 39        , 54.75     , 0.00488281, 5.09804   , -0        , -0        , -0        , -0        , -0        , -0        
    1.400, 0         , 17.1875   , 17.1875   , 16.9327   , 0         , 0         , 57.425    , 79.975    , 970       , 951.68    , 99.75     , 109.523   , 109.547   , 39        , 54.75     , 0         , 5.09804   , -0        , -0        , -0        , -0        , -0        , -0        
    1.500, 0         , 17.1875   , 17.1875   , 16.9327   , 0         , 0         , 57.4      , 79.975    , 970       , 953.047   , 99.75     , 109.523   , 109.547   , 39        , 54.75     , 0         , 5.09804   , -0        , -0        , -0        , -0        , -0        , -0        
    1.600, 0         , 17.1875   , 17.1875   , 16.9327   , 0         , 0         , 57.375    , 79.975    , 970       , 952.813   , 99.75     , 109.523   , 109.547   , 39        , 54.75     , 0         , 5.09804   , -0        , -0        , -0        , -0        , -0        , -0        
    1.700, 0         , 17.1875   , 17.1875   , 16.9327   , 0         , 0         , 57.4      , 79.975    , 970       , 952.891   , 99.75     , 109.523   , 109.547   , 39        , 54.75     , 0.00488281, 5.09804   , -0        , -0        , -0        , -0        , -0        , -0        
    1.800, 0         , 17.1875   , 17.1875   , 16.9327   , 0         , 0         , 57.4      , 79.975    , 970       , 951.68    , 99.75     , 109.523   , 109.547   , 39        , 54.75     , 0         , 5.09804   , -0        , -0        , -0        , -0        , -0        , -0        
    1.900, 0         , 17.1875   , 17.1875   , 16.9327   , 0         , 0         , 57.5      , 79.975    , 970       , 953.047   , 99.75     , 109.523   , 109.547   , 39        , 54.75     , 0.00488281, 5.09804   , -0        , -0        , -0        , -0        , -0        , -0        
    2.000, 0         , 17.1875   , 17.1875   , 16.9327   , 0         , 0         , 57.425    , 79.975    , 970       , 952.773   , 99.75     , 109.523   , 109.547   , 39        , 54.75     , 0         , 5.09804   , -0        , -0        , -0        , -0        , -0        , -0        
    2.100, 0         , 17.1875   , 17.1875   , 16.9327   , 0         , 0         , 57.4      , 79.975    , 970       , 951.563   , 99.75     , 109.523   , 109.547   , 39        , 54.75     , 0         , 5.09804   , -0        , -0        , -0        , -0        , -0        , -0        
    2.200, 0         , 17.1875   , 17.1875   , 16.9327   , 0         , 0         , 57.35     , 79.975    , 970       , 952.031   , 99.75     , 109.523   , 109.547   , 39        , 54.75     , 0         , 5.09804   , -0        , -0        , -0        , -0        , -0        , -0        
    2.300, 0         , 17.1875   , 17.1875   , 16.9327   , 0         , 0         , 57.375    , 79.975    , 970       , 950.859   , 99.75     , 109.523   , 109.547   , 39        , 54.75     , 0         , 5.09804   , -0        , -0        , -0        , -0        , -0        , -0        
    2.400, 0         , 17.1875   , 17.1875   , 16.9327   , 0         , 0         , 57.4      , 79.975    , 970       , 951.133   , 99.75     , 109.523   , 109.547   , 39        , 54.75     , 0         , 5.09804   , -0        , -0        , -0        , -0        , -0        , -0        
    2.500, 0         , 17.1875   , 17.1875   , 16.9327   , 0         , 0         , 57.425    , 79.975    , 970       , 951.211   , 99.75     , 109.523   , 109.547   , 39        , 54.75     , 0.00488281, 5.09804   , -0        , -0        , -0        , -0        , -0        , -0        
    2.600, 0         , 17.1875   , 17.1875   , 16.9327   , 0         , 0         , 57.4      , 79.975    , 970       , 951.055   , 99.75     , 109.523   , 109.547   , 39        , 54.75     , 0         , 5.09804   , -0        , -0        , -0        , -0        , -0        , -0        
    2.700, 0         , 17.1875   , 17.1875   , 16.9327   , 0         , 0         , 57.375    , 79.975    , 970       , 953.047   , 99.75     , 109.523   , 109.547   , 39        , 54.75     , 0         , 5.09804   , -0        , -0        , -0        , -0        , -0        , -0        
    2.800, 0         , 17.1875   , 17.1875   , 16.9327   , 0         , 0         , 57.375    , 79.975    , 970       , 952.695   , 99.75     , 109.523   , 109.547   , 39        , 54.75     , 0.00488281, 5.09804   , -0        , -0        , -0        , -0        , -0        , -0        
    2.900, 0         , 17.1875   , 17.1875   , 16.9327   , 0         , 0         , 57.375    , 79.975    , 970       , 953.008   , 99.75     , 109.523   , 109.547   , 39        , 54.75     , 0         , 5.09804   , -0        , -0        , -0        , -0        , -0        , -0        
    3.000, 0         , 17.1875   , 17.1875   , 16.9327   , 0         , 0         , 57.375    , 79.975    , 970       , 952.969   , 99.75     , 109.523   , 109.547   , 39        , 54.75     , 0         , 5.09804   , -0        , -0        , -0        , -0        , -0        , -0        
    3.100, 0         , 17.1875   , 17.1875   , 16.9327   , 0         , 0         , 57.4      , 79.975    , 970       , 952.969   , 99.75     , 109.523   , 109.547   , 39        , 54.75     , 0         , 5.09804   , -0        , -0        , -0        , -0        , -0        , -0        
    3.200, 0         , 17.1875   , 17.1875   , 16.9327   , 0         , 0         , 57.35     , 79.975    , 970       , 952.891   , 99.75     , 109.523   , 109.547   , 39        , 54.75     , 0.00488281, 5.09804   , -0        , -0        , -0        , -0        , -0        , -0        
    3.300, 0         , 17.1875   , 17.1875   , 16.9327   , 0         , 0         , 57.35     , 79.975    , 970       , 952.109   , 99.75     , 109.523   , 109.547   , 39        , 54.75     , 0         , 5.09804   , -0        , -0        , -0        , -0        , -0        , -0        
    3.400, 0         , 17.1875   , 17.1875   , 16.9327   , 0         , 0         , 57.35     , 79.975    , 970       , 953.047   , 99.75     , 109.523   , 109.547   , 39        , 54.75     , 0         , 5.09804   , -0        , -0        , -0        , -0        , -0        , -0        
    3.500, 0         , 17.1875   , 17.1875   , 16.9327   , 0         , 0         , 57.35     , 79.975    , 970       , 952.266   , 99.75     , 109.523   , 109.547   , 39        , 54.75     , 0         , 5.09804   , -0        , -0        , -0        , -0        , -0        , -0        
    3.600, 0         , 17.1875   , 17.1875   , 16.9327   , 0         , 0         , 57.35     , 79.975    , 970       , 952.734   , 99.75     , 109.523   , 109.547   , 39        , 54.75     , 0         , 5.09804   , -0        , -0        , -0        , -0        , -0        , -0        
    3.700, 0         , 17.1875   , 17.1875   , 16.9327   , 0         , 0         , 57.375    , 79.975    , 970       , 952.148   , 99.75     , 109.523   , 109.547   , 39        , 54.75     , 0.00488281, 5.09804   , -0        , -0        , -0        , -0        , -0        , -0        
    3.800, 0         , 17.1875   , 17.1875   , 16.9327   , 0         , 0         , 57.35     , 79.975    , 970       , 953.125   , 99.75     , 109.523   , 109.547   , 39        , 54.75     , 0         , 5.09804   , -0        , -0        , -0        , -0        , -0        , -0        
    3.900, 0         , 17.1875   , 17.1875   , 16.9327   , 0         , 0         , 57.375    , 79.975    , 970       , 952.344   , 99.75     , 109.523   , 109.547   , 39        , 54.75     , 0.00488281, 5.09804   , -0        , -0        , -0        , -0        , -0        , -0        
    4.000, 0         , 17.1875   , 17.1875   , 16.9327   , 0         , 0         , 57.375    , 79.975    , 970       , 952.969   , 99.75     , 109.523   , 109.547   , 39        , 54.75     , 0.00488281, 5.09804   , -0        , -0        , -0        , -0        , -0        , -0        
    4.100, 0         , 17.1875   , 17.1875   , 16.9327   , 0         , 0         , 57.375    , 79.975    , 970       , 952.344   , 99.75     , 109.523   , 109.547   , 39        , 54.75     , 0.00488281, 5.09804   , -0        , -0        , -0        , -0        , -0        , -0        
    4.200, 0         , 17.1875   , 17.1875   , 16.9327   , 0         , 0         , 57.325    , 79.975    , 970       , 951.289   , 99.75     , 109.523   , 109.547   , 39        , 54.75     , 0.00488281, 5.09804   , -0        , -0        , -0        , -0        , -0        , -0        
    4.300, 0         , 17.1875   , 17.1875   , 16.9327   , 0         , 0         , 57.375    , 79.975    , 970       , 951.211   , 99.75     , 109.523   , 109.547   , 39        , 54.75     , 0         , 5.09804   , -0        , -0        , -0        , -0        , -0        , -0        
    4.400, 0         , 17.1875   , 17.1875   , 16.9327   , 0         , 0         , 57.35     , 79.975    , 970       , 951.211   , 99.75     , 109.523   , 109.547   , 39        , 54.75     , 0.00488281, 5.09804   , -0        , -0        , -0        , -0        , -0        , -0        
    4.500, 0         , 17.1875   , 17.1875   , 16.9327   , 0         , 0         , 57.3      , 79.975    , 970       , 951.563   , 99.75     , 109.523   , 109.547   , 39        , 54.75     , 0         , 5.09804   , -0        , -0        , -0        , -0        , -0        , -0        
    4.600, 0         , 17.1875   , 17.1875   , 16.9327   , 0         , 0         , 57.35     , 79.975    , 970       , 951.055   , 99.75     , 109.523   , 109.547   , 39        , 54.75     , 0         , 5.09804   , -0        , -0        , -0        , -0        , -0        , -0        
    4.700, 0         , 17.1875   , 17.1875   , 16.9327   , 0         , 0         , 57.3      , 79.975    , 970       , 951.055   , 99.75     , 109.523   , 109.547   , 39        , 54.75     , 0         , 5.09804   , -0        , -0        , -0        , -0        , -0        , -0        
    4.800, 0         , 17.1875   , 17.1875   , 16.9327   , 0         , 0         , 57.325    , 79.975    , 970       , 952.695   , 99.75     , 109.523   , 109.547   , 39        , 54.75     , 0         , 5.09804   , -0        , -0        , -0        , -0        , -0        , -0        
    4.900, 0         , 17.1875   , 17.1875   , 16.9327   , 0         , 0         , 57.325    , 79.975    , 970       , 952.227   , 99.75     , 109.523   , 109.547   , 39        , 54.75     , 0.00488281, 5.09804   , -0        , -0        , -0        , -0        , -0        , -0        
    5.000, 0         , 17.1875   , 17.1875   , 16.9327   , 0         , 0         , 57.375    , 79.975    , 970       , 952.461   , 99.75     , 109.523   , 109.547   , 39        , 54.75     , 0.00488281, 5.09804   , -0        , -0        , -0        , -0        , -0        , -0        
    5.100, 0         , 17.1875   , 17.1875   , 16.9327   , 0         , 0         , 57.325    , 79.975    , 970       , 953.008   , 99.75     , 109.523   , 109.547   , 39        , 54.75     , 0         , 5.09804   , -0        , -0        , -0        , -0        , -0        , -0        
    5.200, 0         , 17.1875   , 17.1875   , 16.9327   , 0         , 0         , 57.325    , 79.975    , 970       , 953.047   , 99.75     , 109.523   , 109.547   , 39        , 54.75     , 0         , 5.09804   , -0        , -0        , -0        , -0        , -0        , -0        
    5.300, 0         , 17.1875   , 17.1875   , 16.9327   , 0         , 0         , 57.35     , 79.975    , 970       , 951.289   , 99.75     , 109.523   , 109.547   , 39        , 54.75     , 0.00488281, 5.09804   , -0        , -0        , -0        , -0        , -0        , -0        
    5.400, 0         , 17.1875   , 17.1875   , 16.9327   , 0         , 0         , 57.325    , 79.975    , 970       , 950.898   , 99.75     , 109.523   , 109.547   , 39        , 54.75     , 0         , 5.09804   , -0        , -0        , -0        , -0        , -0        , -0        
    5.500, 0         , 17.1875   , 17.1875   , 16.9327   , 0         , 0         , 57.325    , 79.975    , 970       , 951.602   , 99.75     , 109.523   , 109.547   , 39        , 54.75     , 0.00488281, 5.09804   , -0        , -0        , -0        , -0        , -0        , -0        
    5.600, 0         , 17.1875   , 17.1875   , 16.9327   , 0         , 0         , 57.375    , 79.975    , 970       , 951.641   , 99.75     , 109.523   , 109.547   , 39        , 54.75     , 0         , 5.09804   , -0        , -0        , -0        , -0        , -0        , -0        
    5.700, 0         , 17.1875   , 17.1875   , 16.9327   , 0         , 0         , 57.3      , 79.975    , 970       , 952.695   , 99.75     , 109.523   , 109.547   , 39        , 54.75     , 0         , 5.09804   , -0        , -0        , -0        , -0        , -0        , -0        
    5.800, 0         , 17.1875   , 17.1875   , 16.9327   , 0         , 0         , 57.325    , 79.975    , 970       , 952.383   , 99.75     , 109.523   , 109.547   , 39        , 54.75     , 0         , 5.09804   , -0        , -0        , -0        , -0        , -0        , -0        
    5.900, 0         , 17.1875   , 17.1875   , 16.9327   , 0         , 0         , 57.3      , 79.975    , 970       , 952.891   , 99.75     , 109.523   , 109.547   , 39        , 54.75     , 0.00488281, 5.09804   , -0        , -0        , -0        , -0        , -0        , -0        
    6.000, 0         , 17.1875   , 17.1875   , 16.9327   , 0         , 0         , 57.325    , 79.975    , 970       , 951.094   , 99.75     , 109.523   , 109.547   , 39        , 54.75     , 0.00488281, 5.09804   , -0        , -0        , -0        , -0        , -0        , -0        
    6.100, 0         , 17.1875   , 17.1875   , 16.9327   , 0         , 0         , 57.325    , 79.975    , 970       , 952.656   , 99.75     , 109.523   , 109.547   , 39        , 54.75     , 0.00488281, 5.09804   , -0        , -0        , -0        , -0        , -0        , -0        
    6.200, 0         , 17.1875   , 17.1875   , 16.9327   , 0         , 0         , 57.35     , 79.975    , 970       , 951.719   , 99.75     , 109.523   , 109.547   , 39        , 54.75     , 0         , 5.09804   , -0        , -0        , -0        , -0        , -0        , -0        
    6.300, 0         , 17.1875   , 17.1875   , 16.9327   , 0         , 0         , 57.325    , 79.975    , 970       , 952.852   , 99.75     , 109.523   , 109.547   , 39        , 54.75     , 0         , 5.09804   , -0        , -0        , -0        , -0        , -0        , -0        
    6.400, 0         , 17.1875   , 17.1875   , 16.9327   , 0         , 0         , 57.325    , 79.975    , 970       , 951.68    , 99.75     , 109.523   , 109.547   , 39        , 54.75     , 0.00488281, 5.09804   , -0        , -0        , -0        , -0        , -0        , -0        
    6.500, 0         , 17.1875   , 17.1875   , 16.9327   , 0         , 0         , 57.3      , 79.975    , 970       , 950.859   , 99.75     , 109.523   , 109.547   , 39        , 54.75     , 0         , 5.09804   , -0        , -0        , -0        , -0        , -0        , -0        
    6.600, 0         , 17.1875   , 17.1875   , 16.9327   , 0         , 0         , 57.325    , 79.975    , 970       , 950.469   , 99.75     , 109.523   , 109.547   , 39        , 54.75     , 0         , 5.09804   , -0        , -0        , -0        , -0        , -0        , -0        
    6.700, 0         , 17.1875   , 17.1875   , 16.9327   , 0         , 0         , 57.3      , 79.975    , 970       , 952.383   , 99.75     , 109.523   , 109.547   , 39        , 54.75     , 0         , 5.09804   , -0        , -0        , -0        , -0        , -0        , -0        
    6.800, 0         , 17.1875   , 17.1875   , 16.9327   , 0         , 0         , 57.35     , 79.975    , 970       , 952.656   , 99.75     , 109.523   , 109.547   , 39        , 54.75     , 0         , 5.09804   , -0        , -0        , -0        , -0        , -0        , -0        
    6.900, 0         , 17.1875   , 17.1875   , 16.9327   , 0         , 0         , 57.3      , 79.975    , 970       , 953.008   , 99.75     , 109.523   , 109.547   , 39        , 54.75     , 0         , 5.09804   , -0        , -0        , -0        , -0        , -0        , -0        
    7.000, 0         , 17.1875   , 17.1875   , 16.9327   , 0         , 0         , 57.325    , 79.975    , 970       , 953.047   , 99.75     , 109.523   , 109.547   , 39        , 54.75     , 0.00488281, 5.09804   , -0        , -0        , -0        , -0        , -0        , -0        
    7.100, 0         , 17.1875   , 17.1875   , 16.9327   , 0         , 0         , 57.3      , 79.975    , 970       , 951.523   , 99.75     , 109.523   , 109.547   , 39        , 54.75     , 0         , 5.09804   , -0        , -0        , -0        , -0        , -0        , -0        
    7.200, 0         , 17.1875   , 17.1875   , 16.9327   , 0         , 0         , 57.325    , 79.975    , 970       , 951.211   , 99.75     , 109.523   , 109.547   , 39        , 54.75     , 0         , 5.09804   , -0        , -0        , -0        , -0        , -0        , -0        
    7.300, 0         , 17.1875   , 17.1875   , 16.9327   , 0         , 0         , 57.3      , 79.975    , 970       , 952.969   , 99.75     , 109.523   , 109.547   , 39        , 54.75     , 0         , 5.09804   , -0        , -0        , -0        , -0        , -0        , -0        
    7.400, 0         , 17.1875   , 17.1875   , 16.9327   , 0         , 0         , 57.325    , 79.975    , 970       , 953.047   , 99.75     , 109.523   , 109.547   , 39        , 54.75     , 0         , 5.09804   , -0        , -0        , -0        , -0        , -0        , -0        
    7.500, 0         , 17.1875   , 17.1875   , 16.9327   , 0         , 0         , 57.325    , 79.975    , 970       , 951.68    , 99.75     , 109.523   , 109.547   , 39        , 54.75     , 0         , 5.09804   , -0        , -0        , -0        , -0        , -0        , -0        
    7.600, 0         , 17.1875   , 17.1875   , 16.9327   , 0         , 0         , 57.35     , 79.975    , 970       , 951.68    , 99.75     , 109.523   , 109.547   , 39        , 54.75     , 0         , 5.09804   , -0        , -0        , -0        , -0        , -0        , -0        
    7.700, 0         , 17.1875   , 17.1875   , 16.9327   , 0         , 0         , 57.325    , 79.975    , 970       , 952.969   , 99.75     , 109.523   , 109.547   , 39        , 54.75     , 0         , 5.09804   , -0        , -0        , -0        , -0        , -0        , -0        
    7.800, 0         , 17.1875   , 17.1875   , 16.9327   , 0         , 0         , 57.325    , 79.975    , 970       , 951.523   , 99.75     , 109.523   , 109.547   , 39        , 54.75     , 0         , 5.09804   , -0        , -0        , -0        , -0        , -0        , -0        
    7.900, 0         , 17.1875   , 17.1875   , 16.9327   , 0         , 0         , 57.3      , 79.975    , 970       , 951.68    , 99.75     , 109.523   , 109.547   , 39        , 54.75     , 0         , 5.09804   , -0        , -0        , -0        , -0        , -0        , -0        
    8.000, 0         , 17.1875   , 17.1875   , 16.9327   , 0         , 0         , 57.375    , 79.975    , 970       , 952.813   , 99.75     , 109.523   , 109.547   , 39        , 54.75     , 0.00488281, 5.09804   , -0        , -0        , -0        , -0        , -0        , -0        
    8.100, 0         , 17.1875   , 17.1875   , 16.9327   , 0         , 0         , 57.325    , 79.975    , 970       , 952.344   , 99.75     , 109.523   , 109.547   , 39        , 54.75     , 0.00488281, 5.09804   , -0        , -0        , -0        , -0        , -0        , -0        
    8.200, 0         , 17.1875   , 17.1875   , 16.9327   , 0         , 0         , 57.35     , 79.975    , 970       , 952.188   , 99.75     , 109.523   , 109.547   , 39        , 54.75     , 0         , 5.09804   , -0        , -0        , -0        , -0        , -0        , -0        
    8.300, 0         , 17.1875   , 17.1875   , 16.9327   , 0         , 0         , 57.35     , 79.975    , 970       , 952.461   , 99.75     , 109.523   , 109.547   , 39        , 54.75     , 0.00488281, 5.09804   , -0        , -0        , -0        , -0        , -0        , -0        
    8.400, 0         , 17.1875   , 17.1875   , 16.9327   , 0         , 0         , 57.35     , 79.975    , 970       , 953.047   , 99.75     , 109.523   , 109.547   , 39        , 54.75     , 0.00488281, 5.09804   , -0        , -0        , -0        , -0        , -0        , -0        
    8.500, 0         , 17.1875   , 17.1875   , 16.9327   , 0         , 0         , 57.325    , 79.975    , 970       , 953.008   , 99.75     , 109.523   , 109.547   , 39        , 54.75     , 0         , 5.09804   , -0        , -0        , -0        , -0        , -0        , -0        
    8.600, 0         , 17.1875   , 17.1875   , 16.9327   , 0         , 0         , 57.35     , 79.975    , 970       , 952.383   , 99.75     , 109.523   , 109.547   , 39        , 54.75     , 0.00488281, 5.09804   , -0        , -0        , -0        , -0        , -0        , -0        
    8.700, 0         , 17.1875   , 17.1875   , 16.9327   , 0         , 0         , 57.35     , 79.975    , 970       , 952.617   , 99.75     , 109.523   , 109.547   , 39        , 54.75     , 0.00488281, 5.09804   , -0        , -0        , -0        , -0        , -0        , -0        
    8.800, 0         , 17.1875   , 17.1875   , 16.9327   , 0         , 0         , 57.375    , 79.975    , 970       , 952.617   , 99.75     , 109.523   , 109.547   , 39        , 54.75     , 0         , 5.09804   , -0        , -0        , -0        , -0        , -0        , -0        
    8.900, 0         , 17.1875   , 17.1875   , 16.9327   , 0         , 0         , 57.35     , 79.975    , 970       , 950.977   , 99.75     , 109.523   , 109.547   , 39        , 54.75     , 0         , 5.09804   , -0        , -0        , -0        , -0        , -0        , -0        
    9.000, 0         , 17.1875   , 17.1875   , 16.9327   , 0         , 0         , 57.375    , 79.975    , 970       , 953.008   , 99.75     , 109.523   , 109.547   , 39        , 54.75     , 0         , 5.09804   , -0        , -0        , -0        , -0        , -0        , -0        
    9.100, 0         , 17.1875   , 17.1875   , 16.9327   , 0         , 0         , 57.3      , 79.975    , 970       , 951.367   , 99.75     , 109.523   , 109.547   , 39        , 54.75     , 0.00488281, 5.09804   , -0        , -0        , -0        , -0        , -0        , -0        
    9.200, 0         , 17.1875   , 17.1875   , 16.9327   , 0         , 0         , 57.35     , 79.975    , 970       , 952.656   , 99.75     , 109.523   , 109.547   , 39        , 54.75     , 0         , 5.09804   , -0        , -0        , -0        , -0        , -0        , -0        
    9.300, 0         , 17.1875   , 17.1875   , 16.9327   , 0         , 0         , 57.375    , 79.975    , 970       , 952.852   , 99.75     , 109.523   , 109.547   , 39        , 54.75     , 0         , 5.09804   , -0        , -0        , -0        , -0        , -0        , -0        
    9.400, 0         , 17.1875   , 17.1875   , 16.9327   , 0         , 0         , 57.35     , 79.975    , 970       , 951.68    , 99.75     , 109.523   , 109.547   , 39        , 54.75     , 0         , 5.09804   , -0        , -0        , -0        , -0        , -0        , -0        
    9.500, 0         , 17.1875   , 17.1875   , 16.9327   , 0         , 0         , 57.3      , 79.975    , 970       , 951.602   , 99.75     , 109.523   , 109.547   , 39        , 54.75     , 0         , 5.09804   , -0        , -0        , -0        , -0        , -0        , -0        
    9.600, 0         , 17.1875   , 17.1875   , 16.9327   , 0         , 0         , 57.325    , 79.975    , 970       , 952.969   , 99.75     , 109.523   , 109.547   , 39        , 54.75     , 0         , 5.09804   , -0        , -0        , -0        , -0        , -0        , -0        
    9.700, 0         , 17.1875   , 17.1875   , 16.9327   , 0         , 0         , 57.3      , 79.975    , 970       , 950.898   , 99.75     , 109.523   , 109.547   , 39        , 54.75     , 0         , 5.09804   , -0        , -0        , -0        , -0        , -0        , -0        
    9.800, 0         , 17.1875   , 17.1875   , 16.9327   , 0         , 0         , 57.35     , 79.975    , 970       , 952.93    , 99.75     , 109.523   , 109.547   , 39        , 54.75     , 0         , 5.09804   , -0        , -0        , -0        , -0        , -0        , -0        
    9.900, 0         , 17.1875   , 17.1875   , 16.9327   , 0         , 0         , 57.35     , 79.975    , 970       , 953.047   , 99.75     , 109.523   , 109.547   , 39        , 54.75     , 0.00488281, 5.09804   , -0        , -0        , -0        , -0        , -0        , -0        
   10.000, 0         , 17.1875   , 17.1875   , 16.9327   , 0         , 0         , 57.35     , 79.975    , 970       , 951.055   , 99.75     , 109.523   , 109.547   , 39        , 54.75     , 0         , 5.09804   , -0        , -0        , -0        , -0        , -0        , -0        
   10.100, 0         , 17.1875   , 17.1875   , 16.9327   , 0         , 0         , 57.275    , 79.975    , 970       , 953.047   , 99.75     , 109.523   , 109.547   , 39        , 54.75     , 0         , 5.09804   , -0        , -0        , -0        , -0        , -0        , -0        
   10.200, 0         , 17.1875   , 17.1875   , 16.9327   , 0         , 0         , 57.325    , 79.975    , 970       , 952.891   , 99.75     , 109.523   , 109.547   , 39        , 54.75     , 0         , 5.09804   , -0        , -0        , -0        , -0        , -0        , -0        
   10.300, 0         , 17.1875   , 17.1875   , 16.9327   , 0         , 0         , 57.3      , 79.975    , 970       , 952.031   , 99.75     , 109.523   , 109.547   , 39        , 54.75     , 0         , 5.09804   , -0        , -0        , -0        , -0        , -0        , -0        
   10.400, 0         , 17.1875   , 17.1875   , 16.9327   , 0         , 0         , 57.325    , 79.975    , 970       , 952.383   , 99.75     , 109.523   , 109.547   , 39        , 54.75     , 0         , 5.09804   , -0        , -0        , -0        , -0        , -0        , -0        
   10.500, 0         , 17.1875   , 17.1875   , 16.9327   , 0         , 0         , 57.325    , 79.975    , 970       , 951.602   , 99.75     , 109.523   , 109.547   , 39        , 54.75     , 0         , 5.09804   , -0        , -0        , -0        , -0        , -0        , -0        
   10.600, 0         , 17.1875   , 17.1875   , 16.9327   , 0         , 0         , 57.35     , 79.975    , 970       , 951.719   , 99.75     , 109.523   , 109.547   , 39        , 54.75     , 0         , 5.09804   , -0        , -0        , -0        , -0        , -0        , -0        
   10.700, 0         , 17.1875   , 17.1875   , 16.9327   , 0         , 0         , 57.325    , 79.975    , 970       , 952.656   , 99.75     , 109.523   , 109.547   , 39        , 54.75     , 0.00488281, 5.09804   , -0        , -0        , -0        , -0        , -0        , -0        
   10.800, 0         , 17.1875   , 17.1875   , 16.9327   , 0         , 0         , 57.4      , 79.975    , 970       , 953.047   , 99.75     , 109.523   , 109.547   , 39        , 54.75     , 0         , 5.09804   , -0        , -0        , -0        , -0        , -0        , -0        
   10.900, 0         , 17.1875   , 17.1875   , 16.9327   , 0         , 0         , 57.35     , 79.975    , 970       , 950.938   , 99.75     , 109.523   , 109.547   , 39        , 54.75     , 0.00488281, 5.09804   , -0        , -0        , -0        , -0        , -0        , -0        
   11.000, 0         , 17.1875   , 17.1875   , 16.9327   , 0         , 0         , 57.4      , 79.975    , 970       , 950.859   , 99.75     , 109.523   , 109.547   , 39        , 54.75     , 0         , 5.09804   , -0        , -0        , -0        , -0        , -0        , -0        
   11.100, 0         , 17.1875   , 17.1875   , 16.9327   , 0         , 0         , 57.35     , 79.975    , 970       , 952.969   , 99.75     , 109.523   , 109.547   , 39        , 54.75     , 0.00488281, 5.09804   , -0        , -0        , -0        , -0        , -0        , -0        
   11.200, 0         , 17.1875   , 17.1875   , 16.9327   , 0         , 0         , 57.375    , 79.975    , 970       , 952.383   , 99.75     , 109.523   , 109.547   , 39        , 54.75     , 0         , 5.09804   , -0        , -0        , -0        , -0        , -0        , -0        
   11.300, 0         , 17.1875   , 17.1875   , 16.9327   , 0         , 0         , 57.275    , 79.975    , 970       , 952.578   , 99.75     , 109.523   , 109.547   , 39        , 54.75     , 0         , 5.09804   , -0        , -0        , -0        , -0        , -0        , -0        
   11.400, 0         , 17.1875   , 17.1875   , 16.9327   , 0         , 0         , 57.275    , 79.975    , 970       , 952.031   , 99.75     , 109.523   , 109.547   , 39        , 54.75     , 0         , 5.09804   , -0        , -0        , -0        , -0        , -0        , -0        
   11.500, 0         , 17.1875   , 17.1875   , 16.9327   , 0         , 0         , 57.3      , 79.975    , 970       , 952.695   , 99.75     , 109.523   , 109.547   , 39        , 54.75     , 0         , 5.09804   , -0        , -0        , -0        , -0        , -0        , -0        
   11.600, 0         , 17.1875   , 17.1875   , 16.9327   , 0         , 0         , 57.3      , 79.975    , 970       , 951.68    , 99.75     , 109.523   , 109.547   , 39        , 54.75     , 0         , 5.09804   , -0        , -0        , -0        , -0        , -0        , -0        
   11.700, 0         , 17.1875   , 17.1875   , 16.9327   , 0         , 0         , 57.3      , 79.975    , 970       , 952.891   , 99.75     , 109.523   , 109.547   , 39        , 54.75     , 0.00488281, 5.09804   , -0        , -0        , -0        , -0        , -0        , -0        
   11.800, 0         , 17.1875   , 17.1875   , 16.9327   , 0         , 0         , 57.375    , 79.975    , 970       , 952.383   , 99.75     , 109.523   , 109.547   , 39        , 54.75     , 0         , 5.09804   , -0        , -0        , -0        , -0        , -0        , -0        
